#
# A fatal error has been detected by the Java Runtime Environment:
#
#  EXCEPTION_ACCESS_VIOLATION (0xc0000005) at pc=0x000000005852a7e5, pid=7284, tid=0x000000000000191c
#
# JRE version: Java(TM) SE Runtime Environment (8.0_111-b14) (build 1.8.0_111-b14)
# Java VM: Java HotSpot(TM) 64-Bit Server VM (25.111-b14 mixed mode windows-amd64 compressed oops)
# Problematic frame:
# V  [jvm.dll+0x4ba7e5]
#
# Failed to write core dump. Minidumps are not enabled by default on client versions of Windows
#
# If you would like to submit a bug report, please visit:
#   http://bugreport.java.com/bugreport/crash.jsp
#

---------------  T H R E A D  ---------------

Current thread (0x000000001dc21800):  JavaThread "C2 CompilerThread1" daemon [_thread_in_native, id=6428, stack(0x000000001e3b0000,0x000000001e4b0000)]

siginfo: ExceptionCode=0xc0000005, reading address 0x000000000000002c

Registers:
RAX=0x00000000000004c0, RBX=0x000000000000040a, RCX=0x0000000000000409, RDX=0x0000000000002048
RSP=0x000000001e4ac200, RBP=0x0000000022f80690, RSI=0xfffffffffffffff8, RDI=0x000000001e4ac380
R8 =0x0000000000001fc8, R9 =0x000000001e4ac250, R10=0x000000005888ae00, R11=0x00000000000004c2
R12=0x000000001e7f6a80, R13=0x0000000000000018, R14=0x0000000000000000, R15=0x000000002533b480
RIP=0x000000005852a7e5, EFLAGS=0x0000000000010246

Top of Stack: (sp=0x000000001e4ac200)
0x000000001e4ac200:   000000001e4ac380 0000000000000001
0x000000001e4ac210:   000000001feba270 0000000000000000
0x000000001e4ac220:   0000000000001fc8 000000001c23e240
0x000000001e4ac230:   0000000022509400 0000000000338768
0x000000001e4ac240:   00000000225099f0 00000000225113e8
0x000000001e4ac250:   00000000586e5e88 000000001c23e240
0x000000001e4ac260:   0000000000000040 00000000211feb00
0x000000001e4ac270:   000000001e4ac340 00000000000003d8
0x000000001e4ac280:   000000001dc28d18 000000001dc28940
0x000000001e4ac290:   0000000000000000 000000001dc28930
0x000000001e4ac2a0:   000000001e4ac3c0 000000001e4ac630
0x000000001e4ac2b0:   0000000000000000 00000000584d8443
0x000000001e4ac2c0:   0000000000000409 000000000000040a
0x000000001e4ac2d0:   00000000000003fa 0000000000002048
0x000000001e4ac2e0:   0000000000000002 000000001dc28930
0x000000001e4ac2f0:   000000001e7e9b40 000000001e7efaf0 

Instructions: (pc=0x000000005852a7e5)
0x000000005852a7c5:   94 24 d8 00 00 00 0f 1f 44 00 00 41 3b 4c 24 18
0x000000005852a7d5:   73 0b 49 8b 44 24 20 4c 8b 34 02 eb 03 45 33 f6
0x000000005852a7e5:   41 0f b6 46 2c 24 0f 3c 0c 0f 84 86 01 00 00 48
0x000000005852a7f5:   8b 47 40 49 63 56 28 48 8b 48 18 8b 1c 91 85 db 


Register to memory mapping:

RAX=0x00000000000004c0 is an unknown value
RBX=0x000000000000040a is an unknown value
RCX=0x0000000000000409 is an unknown value
RDX=0x0000000000002048 is an unknown value
RSP=0x000000001e4ac200 is pointing into the stack for thread: 0x000000001dc21800
RBP=0x0000000022f80690 is an unknown value
RSI=0xfffffffffffffff8 is an unknown value
RDI=0x000000001e4ac380 is pointing into the stack for thread: 0x000000001dc21800
R8 =0x0000000000001fc8 is an unknown value
R9 =0x000000001e4ac250 is pointing into the stack for thread: 0x000000001dc21800
R10=0x000000005888ae00 is an unknown value
R11=0x00000000000004c2 is an unknown value
R12=0x000000001e7f6a80 is an unknown value
R13=0x0000000000000018 is an unknown value
R14=0x0000000000000000 is an unknown value
R15=0x000000002533b480 is an unknown value


Stack: [0x000000001e3b0000,0x000000001e4b0000],  sp=0x000000001e4ac200,  free space=1008k
Native frames: (J=compiled Java code, j=interpreted, Vv=VM code, C=native code)
V  [jvm.dll+0x4ba7e5]
V  [jvm.dll+0x468443]
V  [jvm.dll+0x47374b]
V  [jvm.dll+0x476057]
V  [jvm.dll+0x4589b2]
V  [jvm.dll+0xa5742]
V  [jvm.dll+0xa607f]
V  [jvm.dll+0x244b7f]
V  [jvm.dll+0x29c43a]
C  [msvcr100.dll+0x21d9f]
C  [msvcr100.dll+0x21e3b]
C  [KERNEL32.DLL+0x17974]
C  [ntdll.dll+0x6a271]


Current CompileTask:
C2:   3683 3601       4       java.net.URLClassLoader$1::run (5 bytes)


---------------  P R O C E S S  ---------------

Java Threads: ( => current thread )
  0x00000000236a0000 JavaThread "localhost-startStop-1" daemon [_thread_blocked, id=1360, stack(0x0000000023db0000,0x0000000023eb0000)]
  0x0000000021402800 JavaThread "Tomcat-startStop-1" daemon [_thread_blocked, id=10244, stack(0x0000000023cb0000,0x0000000023db0000)]
  0x000000001dcb6000 JavaThread "Service Thread" daemon [_thread_blocked, id=1300, stack(0x000000001e5b0000,0x000000001e6b0000)]
  0x000000001dc24000 JavaThread "C1 CompilerThread2" daemon [_thread_blocked, id=1776, stack(0x000000001e4b0000,0x000000001e5b0000)]
=>0x000000001dc21800 JavaThread "C2 CompilerThread1" daemon [_thread_in_native, id=6428, stack(0x000000001e3b0000,0x000000001e4b0000)]
  0x000000001dc1c000 JavaThread "C2 CompilerThread0" daemon [_thread_in_native, id=12708, stack(0x000000001e2b0000,0x000000001e3b0000)]
  0x000000001dc1a800 JavaThread "Monitor Ctrl-Break" daemon [_thread_in_native, id=6200, stack(0x000000001e1b0000,0x000000001e2b0000)]
  0x000000001c23a000 JavaThread "Attach Listener" daemon [_thread_blocked, id=6024, stack(0x000000001e0a0000,0x000000001e1a0000)]
  0x000000001c230800 JavaThread "Signal Dispatcher" daemon [_thread_blocked, id=13764, stack(0x000000001dfa0000,0x000000001e0a0000)]
  0x0000000002a7c000 JavaThread "Finalizer" daemon [_thread_blocked, id=4808, stack(0x000000001daa0000,0x000000001dba0000)]
  0x0000000002a73800 JavaThread "Reference Handler" daemon [_thread_blocked, id=7704, stack(0x000000001d9a0000,0x000000001daa0000)]
  0x00000000027fe000 JavaThread "main" [_thread_blocked, id=9008, stack(0x0000000002660000,0x0000000002760000)]

Other Threads:
  0x000000001c1e8800 VMThread [stack: 0x000000001d8a0000,0x000000001d9a0000] [id=11844]
  0x000000001dce6800 WatcherThread [stack: 0x000000001e6b0000,0x000000001e7b0000] [id=10236]

VM state:at safepoint (normal execution)

VM Mutex/Monitor currently owned by a thread:  ([mutex/lock_event])
[0x00000000027fd270] Threads_lock - owner thread: 0x000000001c1e8800
[0x00000000027fcff0] Heap_lock - owner thread: 0x00000000236a0000

Heap:
 PSYoungGen      total 75776K, used 65024K [0x000000076b780000, 0x0000000774b80000, 0x00000007c0000000)
  eden space 65024K, 100% used [0x000000076b780000,0x000000076f700000,0x000000076f700000)
  from space 10752K, 0% used [0x0000000770180000,0x0000000770180000,0x0000000770c00000)
  to   space 10752K, 70% used [0x000000076f700000,0x000000076fe6c108,0x0000000770180000)
 ParOldGen       total 123392K, used 13637K [0x00000006c2600000, 0x00000006c9e80000, 0x000000076b780000)
  object space 123392K, 11% used [0x00000006c2600000,0x00000006c3351728,0x00000006c9e80000)
 Metaspace       used 24054K, capacity 24516K, committed 24752K, reserved 1071104K
  class space    used 2811K, capacity 2933K, committed 2992K, reserved 1048576K

Card table byte_map: [0x0000000011e40000,0x0000000012630000] byte_map_base: 0x000000000e82d000

Marking Bits: (ParMarkBitMap*) 0x000000005888a6c0
 Begin Bits: [0x0000000013180000, 0x00000000170e8000)
 End Bits:   [0x00000000170e8000, 0x000000001b050000)

Polling page: 0x0000000002260000

CodeCache: size=245760Kb used=14057Kb max_used=14057Kb free=231702Kb
 bounds [0x0000000002a80000, 0x0000000003850000, 0x0000000011a80000]
 total_blobs=4267 nmethods=3857 adapters=322
 compilation: enabled

Compilation events (10 events):
Event: 3.649 Thread 0x000000001dc24000 nmethod 3885 0x000000000383bc10 code [0x000000000383bd60, 0x000000000383be50]
Event: 3.649 Thread 0x000000001dc24000 3884       2       java.io.FilePermission::init (228 bytes)
Event: 3.650 Thread 0x000000001dc24000 nmethod 3884 0x000000000383be90 code [0x000000000383c0c0, 0x000000000383c9b8]
Event: 3.650 Thread 0x000000001dc24000 3880       2       java.io.FilePermission$1::<init> (10 bytes)
Event: 3.650 Thread 0x000000001dc24000 nmethod 3880 0x000000000383d050 code [0x000000000383d1a0, 0x000000000383d310]
Event: 3.650 Thread 0x000000001dc24000 3881       2       java.io.FilePermission$1::run (5 bytes)
Event: 3.650 Thread 0x000000001dc24000 nmethod 3881 0x000000000383d390 code [0x000000000383d500, 0x000000000383d668]
Event: 3.650 Thread 0x000000001dc24000 3882   !   2       java.io.FilePermission$1::run (116 bytes)
Event: 3.650 Thread 0x000000001dc24000 nmethod 3882 0x000000000383d710 code [0x000000000383d9c0, 0x000000000383e548]
Event: 3.657 Thread 0x000000001dc24000 3886       2       org.apache.tomcat.util.bcel.classfile.ElementValue::readElementValue (489 bytes)

GC Heap History (10 events):
Event: 1.056 GC heap before
{Heap before GC invocations=1 (full 0):
 PSYoungGen      total 75776K, used 65024K [0x000000076b780000, 0x0000000770c00000, 0x00000007c0000000)
  eden space 65024K, 100% used [0x000000076b780000,0x000000076f700000,0x000000076f700000)
  from space 10752K, 0% used [0x0000000770180000,0x0000000770180000,0x0000000770c00000)
  to   space 10752K, 0% used [0x000000076f700000,0x000000076f700000,0x0000000770180000)
 ParOldGen       total 173568K, used 0K [0x00000006c2600000, 0x00000006ccf80000, 0x000000076b780000)
  object space 173568K, 0% used [0x00000006c2600000,0x00000006c2600000,0x00000006ccf80000)
 Metaspace       used 11745K, capacity 12046K, committed 12416K, reserved 1060864K
  class space    used 1459K, capacity 1543K, committed 1664K, reserved 1048576K
Event: 1.061 GC heap after
Heap after GC invocations=1 (full 0):
 PSYoungGen      total 75776K, used 9336K [0x000000076b780000, 0x0000000770c00000, 0x00000007c0000000)
  eden space 65024K, 0% used [0x000000076b780000,0x000000076b780000,0x000000076f700000)
  from space 10752K, 86% used [0x000000076f700000,0x000000077001e1b8,0x0000000770180000)
  to   space 10752K, 0% used [0x0000000770180000,0x0000000770180000,0x0000000770c00000)
 ParOldGen       total 173568K, used 16K [0x00000006c2600000, 0x00000006ccf80000, 0x000000076b780000)
  object space 173568K, 0% used [0x00000006c2600000,0x00000006c2604000,0x00000006ccf80000)
 Metaspace       used 11745K, capacity 12046K, committed 12416K, reserved 1060864K
  class space    used 1459K, capacity 1543K, committed 1664K, reserved 1048576K
}
Event: 1.772 GC heap before
{Heap before GC invocations=2 (full 0):
 PSYoungGen      total 75776K, used 74360K [0x000000076b780000, 0x0000000770c00000, 0x00000007c0000000)
  eden space 65024K, 100% used [0x000000076b780000,0x000000076f700000,0x000000076f700000)
  from space 10752K, 86% used [0x000000076f700000,0x000000077001e1b8,0x0000000770180000)
  to   space 10752K, 0% used [0x0000000770180000,0x0000000770180000,0x0000000770c00000)
 ParOldGen       total 173568K, used 16K [0x00000006c2600000, 0x00000006ccf80000, 0x000000076b780000)
  object space 173568K, 0% used [0x00000006c2600000,0x00000006c2604000,0x00000006ccf80000)
 Metaspace       used 16003K, capacity 16346K, committed 16640K, reserved 1064960K
  class space    used 1948K, capacity 2041K, committed 2048K, reserved 1048576K
Event: 1.778 GC heap after
Heap after GC invocations=2 (full 0):
 PSYoungGen      total 75776K, used 10247K [0x000000076b780000, 0x0000000770c00000, 0x00000007c0000000)
  eden space 65024K, 0% used [0x000000076b780000,0x000000076b780000,0x000000076f700000)
  from space 10752K, 95% used [0x0000000770180000,0x0000000770b81f68,0x0000000770c00000)
  to   space 10752K, 0% used [0x000000076f700000,0x000000076f700000,0x0000000770180000)
 ParOldGen       total 173568K, used 32K [0x00000006c2600000, 0x00000006ccf80000, 0x000000076b780000)
  object space 173568K, 0% used [0x00000006c2600000,0x00000006c2608000,0x00000006ccf80000)
 Metaspace       used 16003K, capacity 16346K, committed 16640K, reserved 1064960K
  class space    used 1948K, capacity 2041K, committed 2048K, reserved 1048576K
}
Event: 2.450 GC heap before
{Heap before GC invocations=3 (full 0):
 PSYoungGen      total 75776K, used 75271K [0x000000076b780000, 0x0000000770c00000, 0x00000007c0000000)
  eden space 65024K, 100% used [0x000000076b780000,0x000000076f700000,0x000000076f700000)
  from space 10752K, 95% used [0x0000000770180000,0x0000000770b81f68,0x0000000770c00000)
  to   space 10752K, 0% used [0x000000076f700000,0x000000076f700000,0x0000000770180000)
 ParOldGen       total 173568K, used 32K [0x00000006c2600000, 0x00000006ccf80000, 0x000000076b780000)
  object space 173568K, 0% used [0x00000006c2600000,0x00000006c2608000,0x00000006ccf80000)
 Metaspace       used 17742K, capacity 18108K, committed 18304K, reserved 1064960K
  class space    used 2078K, capacity 2158K, committed 2176K, reserved 1048576K
Event: 2.456 GC heap after
Heap after GC invocations=3 (full 0):
 PSYoungGen      total 75776K, used 10750K [0x000000076b780000, 0x0000000770c00000, 0x00000007c0000000)
  eden space 65024K, 0% used [0x000000076b780000,0x000000076b780000,0x000000076f700000)
  from space 10752K, 99% used [0x000000076f700000,0x000000077017fae0,0x0000000770180000)
  to   space 10752K, 0% used [0x0000000770180000,0x0000000770180000,0x0000000770c00000)
 ParOldGen       total 173568K, used 876K [0x00000006c2600000, 0x00000006ccf80000, 0x000000076b780000)
  object space 173568K, 0% used [0x00000006c2600000,0x00000006c26db378,0x00000006ccf80000)
 Metaspace       used 17742K, capacity 18108K, committed 18304K, reserved 1064960K
  class space    used 2078K, capacity 2158K, committed 2176K, reserved 1048576K
}
Event: 3.023 GC heap before
{Heap before GC invocations=4 (full 0):
 PSYoungGen      total 75776K, used 46892K [0x000000076b780000, 0x0000000770c00000, 0x00000007c0000000)
  eden space 65024K, 55% used [0x000000076b780000,0x000000076dacb650,0x000000076f700000)
  from space 10752K, 99% used [0x000000076f700000,0x000000077017fae0,0x0000000770180000)
  to   space 10752K, 0% used [0x0000000770180000,0x0000000770180000,0x0000000770c00000)
 ParOldGen       total 173568K, used 876K [0x00000006c2600000, 0x00000006ccf80000, 0x000000076b780000)
  object space 173568K, 0% used [0x00000006c2600000,0x00000006c26db378,0x00000006ccf80000)
 Metaspace       used 20791K, capacity 21184K, committed 21296K, reserved 1069056K
  class space    used 2443K, capacity 2590K, committed 2608K, reserved 1048576K
Event: 3.038 GC heap after
Heap after GC invocations=4 (full 0):
 PSYoungGen      total 75776K, used 10744K [0x000000076b780000, 0x0000000774b80000, 0x00000007c0000000)
  eden space 65024K, 0% used [0x000000076b780000,0x000000076b780000,0x000000076f700000)
  from space 10752K, 99% used [0x0000000770180000,0x0000000770bfe010,0x0000000770c00000)
  to   space 10752K, 0% used [0x000000076f700000,0x000000076f700000,0x0000000770180000)
 ParOldGen       total 173568K, used 3799K [0x00000006c2600000, 0x00000006ccf80000, 0x000000076b780000)
  object space 173568K, 2% used [0x00000006c2600000,0x00000006c29b5d68,0x00000006ccf80000)
 Metaspace       used 20791K, capacity 21184K, committed 21296K, reserved 1069056K
  class space    used 2443K, capacity 2590K, committed 2608K, reserved 1048576K
}
Event: 3.038 GC heap before
{Heap before GC invocations=5 (full 1):
 PSYoungGen      total 75776K, used 10744K [0x000000076b780000, 0x0000000774b80000, 0x00000007c0000000)
  eden space 65024K, 0% used [0x000000076b780000,0x000000076b780000,0x000000076f700000)
  from space 10752K, 99% used [0x0000000770180000,0x0000000770bfe010,0x0000000770c00000)
  to   space 10752K, 0% used [0x000000076f700000,0x000000076f700000,0x0000000770180000)
 ParOldGen       total 173568K, used 3799K [0x00000006c2600000, 0x00000006ccf80000, 0x000000076b780000)
  object space 173568K, 2% used [0x00000006c2600000,0x00000006c29b5d68,0x00000006ccf80000)
 Metaspace       used 20791K, capacity 21184K, committed 21296K, reserved 1069056K
  class space    used 2443K, capacity 2590K, committed 2608K, reserved 1048576K
Event: 3.099 GC heap after
Heap after GC invocations=5 (full 1):
 PSYoungGen      total 75776K, used 0K [0x000000076b780000, 0x0000000774b80000, 0x00000007c0000000)
  eden space 65024K, 0% used [0x000000076b780000,0x000000076b780000,0x000000076f700000)
  from space 10752K, 0% used [0x0000000770180000,0x0000000770180000,0x0000000770c00000)
  to   space 10752K, 0% used [0x000000076f700000,0x000000076f700000,0x0000000770180000)
 ParOldGen       total 123392K, used 13565K [0x00000006c2600000, 0x00000006c9e80000, 0x000000076b780000)
  object space 123392K, 10% used [0x00000006c2600000,0x00000006c333f718,0x00000006c9e80000)
 Metaspace       used 20791K, capacity 21184K, committed 21296K, reserved 1069056K
  class space    used 2443K, capacity 2590K, committed 2608K, reserved 1048576K
}

Deoptimization events (10 events):
Event: 3.383 Thread 0x00000000236a0000 Uncommon trap: reason=unstable_if action=reinterpret pc=0x0000000002ce2ed8 method=java.lang.AbstractStringBuilder.append(Ljava/lang/String;)Ljava/lang/AbstractStringBuilder; @ 1
Event: 3.383 Thread 0x00000000236a0000 Uncommon trap: reason=unstable_if action=reinterpret pc=0x0000000002c83bc0 method=java.lang.AbstractStringBuilder.append(Ljava/lang/String;)Ljava/lang/AbstractStringBuilder; @ 1
Event: 3.388 Thread 0x00000000236a0000 Uncommon trap: reason=unstable_if action=reinterpret pc=0x00000000037500f8 method=com.sun.org.apache.xerces.internal.impl.XMLEntityScanner.scanChar(Lcom/sun/org/apache/xerces/internal/impl/XMLScanner$NameType;)I @ 59
Event: 3.392 Thread 0x00000000236a0000 Uncommon trap: reason=unstable_if action=reinterpret pc=0x00000000032dd7c8 method=java.nio.charset.CharsetDecoder.decode(Ljava/nio/ByteBuffer;Ljava/nio/CharBuffer;Z)Ljava/nio/charset/CoderResult; @ 1
Event: 3.393 Thread 0x00000000236a0000 Uncommon trap: reason=unstable_if action=reinterpret pc=0x0000000003423140 method=java.util.StringTokenizer.setMaxDelimCodePoint()V @ 71
Event: 3.393 Thread 0x00000000236a0000 Uncommon trap: reason=unstable_if action=reinterpret pc=0x0000000002c75390 method=sun.misc.URLClassPath.getLoader(I)Lsun/misc/URLClassPath$Loader; @ 101
Event: 3.395 Thread 0x00000000236a0000 Uncommon trap: reason=unstable_if action=reinterpret pc=0x0000000002c7f51c method=sun.misc.URLClassPath$JarLoader.getResource(Ljava/lang/String;Z)Lsun/misc/Resource; @ 62
Event: 3.403 Thread 0x00000000236a0000 Uncommon trap: reason=class_check action=maybe_recompile pc=0x00000000037648cc method=java.util.Hashtable.addEntry(ILjava/lang/Object;Ljava/lang/Object;I)V @ 38
Event: 3.408 Thread 0x00000000236a0000 Uncommon trap: reason=unstable_if action=reinterpret pc=0x00000000036d3e84 method=com.sun.org.apache.xerces.internal.impl.XMLEntityScanner.peekChar()I @ 14
Event: 3.586 Thread 0x00000000236a0000 Uncommon trap: reason=unstable_if action=reinterpret pc=0x00000000036788d8 method=org.codehaus.plexus.classworlds.realm.Entry.matches(Ljava/lang/String;)Z @ 209

Internal exceptions (10 events):
Event: 1.247 Thread 0x00000000027fe000 Implicit null exception at 0x0000000002c7055c to 0x0000000002c70739
Event: 1.402 Thread 0x00000000027fe000 Implicit null exception at 0x0000000002ce7795 to 0x0000000002ce7995
Event: 1.402 Thread 0x00000000027fe000 Implicit null exception at 0x0000000002e116af to 0x0000000002e11719
Event: 1.435 Thread 0x00000000027fe000 Implicit null exception at 0x00000000030852ff to 0x00000000030864d5
Event: 1.447 Thread 0x00000000027fe000 Implicit null exception at 0x0000000002de95d8 to 0x0000000002de9666
Event: 2.794 Thread 0x00000000027fe000 Exception <a 'java/io/FileNotFoundException'> (0x000000076cedade8) thrown at [C:\re\workspace\8-2-build-windows-amd64-cygwin\jdk8u111\7883\hotspot\src\share\vm\prims\jni.cpp, line 709]
Event: 3.383 Thread 0x00000000236a0000 Implicit null exception at 0x0000000002ce2ad7 to 0x0000000002ce2ec1
Event: 3.383 Thread 0x00000000236a0000 Implicit null exception at 0x0000000002c83797 to 0x0000000002c83ba9
Event: 3.393 Thread 0x00000000236a0000 Exception <a 'java/security/PrivilegedActionException'> (0x000000076c9bb250) thrown at [C:\re\workspace\8-2-build-windows-amd64-cygwin\jdk8u111\7883\hotspot\src\share\vm\prims\jvm.cpp, line 1386]
Event: 3.393 Thread 0x00000000236a0000 Exception <a 'java/security/PrivilegedActionException'> (0x000000076c9bb648) thrown at [C:\re\workspace\8-2-build-windows-amd64-cygwin\jdk8u111\7883\hotspot\src\share\vm\prims\jvm.cpp, line 1386]

Events (10 events):
Event: 3.499 loading class org/apache/tomcat/util/bcel/classfile/ParameterAnnotationEntry done
Event: 3.507 loading class java/util/jar/JarFile$JarEntryIterator
Event: 3.507 loading class java/util/jar/JarFile$JarEntryIterator done
Event: 3.507 loading class java/util/zip/ZipFile$ZipEntryIterator
Event: 3.507 loading class java/util/zip/ZipFile$ZipEntryIterator done
Event: 3.546 Thread 0x00000000236a0000 DEOPT PACKING pc=0x00000000037f7d76 sp=0x0000000023eae4a0
Event: 3.546 Thread 0x00000000236a0000 DEOPT UNPACKING pc=0x0000000002ac787f sp=0x0000000023eae1f0 mode 0
Event: 3.586 Thread 0x00000000236a0000 Uncommon trap: trap_request=0xffffff65 fr.pc=0x00000000036788d8
Event: 3.586 Thread 0x00000000236a0000 DEOPT PACKING pc=0x00000000036788d8 sp=0x0000000023eadf30
Event: 3.586 Thread 0x00000000236a0000 DEOPT UNPACKING pc=0x0000000002ac582a sp=0x0000000023eadf10 mode 2


Dynamic libraries:
0x00007ff6e4a30000 - 0x00007ff6e4a67000 	C:\Program Files\Java\jdk1.8.0_111\bin\java.exe
0x00007ff89eae0000 - 0x00007ff89eccd000 	C:\Windows\SYSTEM32\ntdll.dll
0x00007ff89c390000 - 0x00007ff89c443000 	C:\Windows\System32\KERNEL32.DLL
0x00007ff89b780000 - 0x00007ff89ba13000 	C:\Windows\System32\KERNELBASE.dll
0x00007ff89c450000 - 0x00007ff89c4f3000 	C:\Windows\System32\ADVAPI32.dll
0x00007ff89ca80000 - 0x00007ff89cb1e000 	C:\Windows\System32\msvcrt.dll
0x00007ff89c800000 - 0x00007ff89c89e000 	C:\Windows\System32\sechost.dll
0x00007ff89c200000 - 0x00007ff89c322000 	C:\Windows\System32\RPCRT4.dll
0x00007ff89c520000 - 0x00007ff89c6b7000 	C:\Windows\System32\USER32.dll
0x00007ff89ba20000 - 0x00007ff89ba40000 	C:\Windows\System32\win32u.dll
0x00007ff89c020000 - 0x00007ff89c049000 	C:\Windows\System32\GDI32.dll
0x00007ff89bb70000 - 0x00007ff89bd0a000 	C:\Windows\System32\gdi32full.dll
0x00007ff89af90000 - 0x00007ff89b030000 	C:\Windows\System32\msvcp_win.dll
0x00007ff89ae90000 - 0x00007ff89af8a000 	C:\Windows\System32\ucrtbase.dll
0x00007ff888320000 - 0x00007ff888599000 	C:\Windows\WinSxS\amd64_microsoft.windows.common-controls_6595b64144ccf1df_6.0.17763.557_none_05b63f68071e5b9f\COMCTL32.dll
0x00007ff89d0e0000 - 0x00007ff89d40c000 	C:\Windows\System32\combase.dll
0x00007ff89ac10000 - 0x00007ff89ac8e000 	C:\Windows\System32\bcryptPrimitives.dll
0x00007ff89c7d0000 - 0x00007ff89c7fe000 	C:\Windows\System32\IMM32.DLL
0x0000000058910000 - 0x00000000589e2000 	C:\Program Files\Java\jdk1.8.0_111\jre\bin\msvcr100.dll
0x0000000058070000 - 0x000000005890a000 	C:\Program Files\Java\jdk1.8.0_111\jre\bin\server\jvm.dll
0x00007ff89cb20000 - 0x00007ff89cb28000 	C:\Windows\System32\PSAPI.DLL
0x00007ff884c90000 - 0x00007ff884c99000 	C:\Windows\SYSTEM32\WSOCK32.dll
0x00007ff89ca10000 - 0x00007ff89ca7d000 	C:\Windows\System32\WS2_32.dll
0x00007ff898bc0000 - 0x00007ff898be4000 	C:\Windows\SYSTEM32\WINMM.dll
0x00007ff891250000 - 0x00007ff89125a000 	C:\Windows\SYSTEM32\VERSION.dll
0x00007ff898b90000 - 0x00007ff898bbd000 	C:\Windows\SYSTEM32\winmmbase.dll
0x00007ff89bb20000 - 0x00007ff89bb6a000 	C:\Windows\System32\cfgmgr32.dll
0x0000000058060000 - 0x000000005806f000 	C:\Program Files\Java\jdk1.8.0_111\jre\bin\verify.dll
0x0000000058030000 - 0x0000000058059000 	C:\Program Files\Java\jdk1.8.0_111\jre\bin\java.dll
0x0000000057fa0000 - 0x0000000057fc3000 	C:\Program Files\Java\jdk1.8.0_111\jre\bin\instrument.dll
0x0000000058010000 - 0x0000000058026000 	C:\Program Files\Java\jdk1.8.0_111\jre\bin\zip.dll
0x00007ff89d5c0000 - 0x00007ff89eab0000 	C:\Windows\System32\SHELL32.dll
0x00007ff89cb40000 - 0x00007ff89cbe8000 	C:\Windows\System32\shcore.dll
0x00007ff89b030000 - 0x00007ff89b77a000 	C:\Windows\System32\windows.storage.dll
0x00007ff89ab00000 - 0x00007ff89ab24000 	C:\Windows\System32\profapi.dll
0x00007ff89ab30000 - 0x00007ff89ab8d000 	C:\Windows\System32\powrprof.dll
0x00007ff89c330000 - 0x00007ff89c382000 	C:\Windows\System32\shlwapi.dll
0x00007ff89ab90000 - 0x00007ff89aba1000 	C:\Windows\System32\kernel.appcore.dll
0x00007ff89ae70000 - 0x00007ff89ae87000 	C:\Windows\System32\cryptsp.dll
0x00007ff87ee70000 - 0x00007ff87ee8a000 	D:\Program Files\JetBrains\IntelliJ IDEA 2018.2.4\bin\breakgen64.dll
0x0000000057ff0000 - 0x000000005800a000 	C:\Program Files\Java\jdk1.8.0_111\jre\bin\net.dll
0x00007ff89a360000 - 0x00007ff89a3c7000 	C:\Windows\system32\mswsock.dll
0x00007ff899f20000 - 0x00007ff899f53000 	C:\Windows\system32\rsaenh.dll
0x00007ff89ba40000 - 0x00007ff89ba66000 	C:\Windows\System32\bcrypt.dll
0x00007ff89aa10000 - 0x00007ff89aa38000 	C:\Windows\SYSTEM32\USERENV.dll
0x00007ff89a530000 - 0x00007ff89a53c000 	C:\Windows\SYSTEM32\CRYPTBASE.dll
0x00007ff89a0c0000 - 0x00007ff89a0fd000 	C:\Windows\SYSTEM32\IPHLPAPI.DLL
0x00007ff89cb30000 - 0x00007ff89cb38000 	C:\Windows\System32\NSI.dll
0x00007ff88f580000 - 0x00007ff88f596000 	C:\Windows\SYSTEM32\dhcpcsvc6.DLL
0x00007ff88f560000 - 0x00007ff88f57c000 	C:\Windows\SYSTEM32\dhcpcsvc.DLL
0x00007ff89a100000 - 0x00007ff89a1c6000 	C:\Windows\SYSTEM32\DNSAPI.dll
0x0000000057fd0000 - 0x0000000057fe1000 	C:\Program Files\Java\jdk1.8.0_111\jre\bin\nio.dll
0x00007ff888310000 - 0x00007ff88831a000 	C:\Users\HASEE\AppData\Local\Temp\jansi-1.17.1-4171961740390011506.dll
0x00007ff885db0000 - 0x00007ff885dba000 	C:\Users\HASEE\AppData\Local\Temp\jansi-1.17.1-6532246134581643046.dll
0x0000000057f90000 - 0x0000000057f9d000 	C:\Program Files\Java\jdk1.8.0_111\jre\bin\management.dll
0x00007ff886090000 - 0x00007ff88627d000 	C:\Windows\SYSTEM32\dbghelp.dll

VM Arguments:
jvm_args: -Dmaven.multiModuleProjectDirectory=D:\idea\lethouse -Dmaven.home=D:\maven\apache-maven-3.5.4 -Dclassworlds.conf=D:\maven\apache-maven-3.5.4\bin\m2.conf -javaagent:D:\Program Files\JetBrains\IntelliJ IDEA 2018.2.4\lib\idea_rt.jar=57918:D:\Program Files\JetBrains\IntelliJ IDEA 2018.2.4\bin -Dfile.encoding=UTF-8 
java_command: org.codehaus.classworlds.Launcher -Didea.version=2018.2.4 -s D:\maven\apache-maven-3.5.4\conf\settings.xml org.apache.tomcat.maven:tomcat7-maven-plugin:2.2:run
java_class_path (initial): D:\maven\apache-maven-3.5.4\boot\plexus-classworlds-2.5.2.jar;D:\Program Files\JetBrains\IntelliJ IDEA 2018.2.4\lib\idea_rt.jar
Launcher Type: SUN_STANDARD

Environment Variables:
JAVA_HOME=C:\Program Files\Java\jdk1.8.0_111
PATH=D:\maven\apache-maven-3.5.4\bin;D:\Program Files\MySQL\mysql-5.6.16-win32\bin;C:\Program Files\Java\jdk1.8.0_111\bin;C:\Windows\system32;C:\Windows;C:\Windows\System32\Wbem;C:\Windows\System32\WindowsPowerShell\v1.0\;C:\Windows\System32\OpenSSH\;C:\Program Files (x86)\NVIDIA Corporation\PhysX\Common;C:\Program Files\NVIDIA Corporation\NVIDIA NvDLISR;C:\Program Files (x86)\Intel\Intel(R) Management Engine Components\DAL;C:\Program Files\Intel\Intel(R) Management Engine Components\DAL;C:\Program Files\Intel\WiFi\bin\;C:\Program Files\Common Files\Intel\WirelessCommon\;D:\Program Files\apache-tomcat-9.0.19\bin;C:\Users\HASEE\AppData\Local\Microsoft\WindowsApps;
USERNAME=HASEE
OS=Windows_NT
PROCESSOR_IDENTIFIER=Intel64 Family 6 Model 158 Stepping 10, GenuineIntel



---------------  S Y S T E M  ---------------

OS: Windows 10.0 , 64 bit Build 17763 (10.0.17763.475)

CPU:total 6 (6 cores per cpu, 1 threads per core) family 6 model 158 stepping 10, cmov, cx8, fxsr, mmx, sse, sse2, sse3, ssse3, sse4.1, sse4.2, popcnt, avx, avx2, aes, clmul, erms, 3dnowpref, lzcnt, tsc, tscinvbit, bmi1, bmi2, adx

Memory: 4k page, physical 16620784k(12230828k free), swap 17669360k(10795088k free)

vm_info: Java HotSpot(TM) 64-Bit Server VM (25.111-b14) for windows-amd64 JRE (1.8.0_111-b14), built on Sep 22 2016 19:24:05 by "java_re" with MS VC++ 10.0 (VS2010)

time: Sun Jun 30 09:03:12 2019
elapsed time: 3 seconds (0d 0h 0m 3s)

